=== start 2026-02-24T05:05:03.069659+00:00 ===\n[1/29] 1-s2.0-S014067361832261X.pdf exit=0 time=44.5s\nC:\Users\user\AppData\Local\Programs\Python\Python313\Lib\site-packages\sklearn\base.py:1365: ConvergenceWarning: Number of distinct clusters (2) found smaller than n_clusters (3). Possibly due to duplicate points in X.
  return fit_method(estimator, *args, **kwargs)
C:\Users\user\AppData\Local\Programs\Python\Python313\Lib\site-packages\sklearn\base.py:1365: ConvergenceWarning: Number of distinct clusters (2) found smaller than n_clusters (3). Possibly due to duplicate points in X.
  return fit_method(estimator, *args, **kwargs)
C:\Users\user\AppData\Local\Programs\Python\Python313\Lib\site-packages\sklearn\base.py:1365: ConvergenceWarning: Number of distinct clusters (2) found smaller than n_clusters (3). Possibly due to duplicate points in X.
  return fit_method(estimator, *args, **kwargs)
\n[2/29] 1-s2.0-S0140673619311493.pdf exit=0 time=39.97s\nC:\Users\user\AppData\Local\Programs\Python\Python313\Lib\site-packages\sklearn\base.py:1365: ConvergenceWarning: Number of distinct clusters (2) found smaller than n_clusters (3). Possibly due to duplicate points in X.
  return fit_method(estimator, *args, **kwargs)
\n[3/29] 1-s2.0-S0735109720302485-main.pdf exit=0 time=74.94s\n[4/29] lam-et-al-efpeglenatide-and-clinical-outcomes-with-and-without-concomitant-sodium-glucose-cotransporter-2-inhibition.pdf exit=0 time=52.28s\nC:\Users\user\AppData\Local\Programs\Python\Python313\Lib\site-packages\sklearn\base.py:1365: ConvergenceWarning: Number of distinct clusters (2) found smaller than n_clusters (3). Possibly due to duplicate points in X.
  return fit_method(estimator, *args, **kwargs)
\n[5/29] mcguire-et-al-linagliptin-effects-on-heart-failure-and-related-outcomes-in-individuals-with-type-2-diabetes-mellitus-at.pdf exit=0 time=38.7s\nC:\Users\user\AppData\Local\Programs\Python\Python313\Lib\site-packages\sklearn\base.py:1365: ConvergenceWarning: Number of distinct clusters (1) found smaller than n_clusters (3). Possibly due to duplicate points in X.
  return fit_method(estimator, *args, **kwargs)
\n[6/29] NEJMoa1305889.pdf exit=0 time=15.58s\n[7/29] nejmoa1305889_appendix.pdf exit=0 time=45.33s\n[8/29] NEJMoa1504720.pdf exit=0 time=13.04s\n[9/29] nejmoa1504720_appendix.pdf exit=1 time=28.57s\n[10/29] NEJMoa1509225.pdf exit=0 time=19.44s\n[11/29] NEJMoa1603827.pdf exit=0 time=42.99s\n[12/29] NEJMoa1607141.pdf exit=0 time=30.41s\n[13/29] NEJMoa1611925.pdf exit=0 time=26.54s\n[14/29] NEJMoa1612917.pdf exit=0 time=23.79s\nC:\Users\user\AppData\Local\Programs\Python\Python313\Lib\site-packages\sklearn\base.py:1365: ConvergenceWarning: Number of distinct clusters (1) found smaller than n_clusters (3). Possibly due to duplicate points in X.
  return fit_method(estimator, *args, **kwargs)
\n[15/29] NEJMoa1811744.pdf exit=0 time=34.86s\n[16/29] NEJMoa1812389.pdf exit=0 time=25.76s\n[17/29] NEJMoa1911303.pdf exit=0 time=66.43s\n[18/29] NEJMoa2022190.pdf exit=0 time=50.28s\n[19/29] NEJMoa2024816.pdf exit=0 time=25.87s\n[20/29] NEJMoa2030183.pdf exit=0 time=40.35s\n[21/29] NEJMoa2030186.pdf exit=0 time=28.03s\nC:\Users\user\AppData\Local\Programs\Python\Python313\Lib\site-packages\sklearn\base.py:1365: ConvergenceWarning: Number of distinct clusters (1) found smaller than n_clusters (3). Possibly due to duplicate points in X.
  return fit_method(estimator, *args, **kwargs)
\n[22/29] NEJMoa2107038.pdf exit=0 time=25.22s\n[23/29] NEJMoa2108269.pdf exit=0 time=54.15s\n[24/29] NEJMoa2204233.pdf exit=0 time=16.53s\n[25/29] NEJMoa2206286.pdf exit=0 time=14.78s\n[26/29] PIIS2666756823000326.pdf exit=0 time=129.02s\nC:\Users\user\AppData\Local\Programs\Python\Python313\Lib\site-packages\sklearn\base.py:1365: ConvergenceWarning: Number of distinct clusters (2) found smaller than n_clusters (3). Possibly due to duplicate points in X.
  return fit_method(estimator, *args, **kwargs)
C:\Users\user\AppData\Local\Programs\Python\Python313\Lib\site-packages\sklearn\base.py:1365: ConvergenceWarning: Number of distinct clusters (2) found smaller than n_clusters (3). Possibly due to duplicate points in X.
  return fit_method(estimator, *args, **kwargs)
C:\Users\user\AppData\Local\Programs\Python\Python313\Lib\site-packages\sklearn\base.py:1365: ConvergenceWarning: Number of distinct clusters (2) found smaller than n_clusters (3). Possibly due to duplicate points in X.
  return fit_method(estimator, *args, **kwargs)
\n[27/29] s12872-019-1036-0.pdf exit=0 time=44.02s\n[28/29] scirica-et-al-heart-failure-saxagliptin-and-diabetes-mellitus-observations-from-the-savor-timi-53-randomized-trial.pdf exit=0 time=62.0s\n[29/29] white-et-al-angiotensin-converting-enzyme-inhibitor-use-and-major-cardiovascular-outcomes-in-type-2-diabetes-mellitus.pdf exit=0 time=38.16s\n=== end 2026-02-24T05:24:14.661092+00:00 ===\n